{
  "completed_experiments": [
    "V2_BASELINE_FINAL",
    "V2_COHERE_ONLY"
  ],
  "final_config_mutated": false,
  "selected_experiment_id": "V2_COHERE_ONLY",
  "skipped_experiments": [
    {
      "created_at_utc": "2026-07-13T20:27:10.242617+00:00",
      "experiment_id": "V2_UNSTRUCTURED_ONLY",
      "integrity_status": "skipped",
      "reason": "RuntimeError: Unstructured extraction failed for rbi_mpr_2025_04: PDFInfoNotInstalledError: PDFInfoNotInstalledError: Unable to get page count. Is poppler installed and in PATH?",
      "status": "skipped"
    },
    {
      "created_at_utc": "2026-07-13T20:33:01.538628+00:00",
      "experiment_id": "V2_UNSTRUCTURED_COHERE",
      "integrity_status": "skipped",
      "reason": "RuntimeError: Unstructured extraction failed for rbi_mpr_2025_04: PDFInfoNotInstalledError: PDFInfoNotInstalledError: Unable to get page count. Is poppler installed and in PATH?",
      "status": "skipped"
    }
  ],
  "status": "complete"
}
